<?xml version="1.0" encoding="UTF-8"?>
<testng-results skipped="0" failed="0" total="2" passed="2">
  <reporter-output>
  </reporter-output>
  <suite name="testSuite" duration-ms="21086" started-at="2016-01-19T02:32:42Z" finished-at="2016-01-19T02:33:03Z">
    <groups>
    </groups>
    <test name="testname" duration-ms="21086" started-at="2016-01-19T02:32:42Z" finished-at="2016-01-19T02:33:03Z">
      <class name="com.proware.tests.PlaceSelectionTest">
        <test-method status="PASS" signature="preSetup()[pri:0, instance:com.proware.tests.PlaceSelectionTest@380fb434]" name="preSetup" is-config="true" duration-ms="6335" started-at="2016-01-19T08:02:51Z" finished-at="2016-01-19T08:02:57Z">
          <reporter-output>
          </reporter-output>
        </test-method> <!-- preSetup -->
        <test-method status="PASS" signature="VerifyOffer()[pri:0, instance:com.proware.tests.PlaceSelectionTest@380fb434]" name="VerifyOffer" duration-ms="2" started-at="2016-01-19T08:02:57Z" finished-at="2016-01-19T08:02:57Z">
          <reporter-output>
          </reporter-output>
        </test-method> <!-- VerifyOffer -->
        <test-method status="PASS" signature="tearup()[pri:0, instance:com.proware.tests.PlaceSelectionTest@380fb434]" name="tearup" is-config="true" duration-ms="5623" started-at="2016-01-19T08:02:57Z" finished-at="2016-01-19T08:03:03Z">
          <reporter-output>
          </reporter-output>
        </test-method> <!-- tearup -->
      </class> <!-- com.proware.tests.PlaceSelectionTest -->
      <class name="com.proware.tests.Launchtest">
        <test-method status="PASS" signature="test()[pri:0, instance:com.proware.tests.Launchtest@3b81a1bc]" name="test" duration-ms="9110" started-at="2016-01-19T08:02:42Z" finished-at="2016-01-19T08:02:51Z">
          <reporter-output>
          </reporter-output>
        </test-method> <!-- test -->
      </class> <!-- com.proware.tests.Launchtest -->
    </test> <!-- testname -->
  </suite> <!-- testSuite -->
</testng-results>
